2025-05-13 14:04:33,229 INFO: Starting reconnaissance for https://online.hcmute.edu.vn/
2025-05-13 14:04:33,237 ERROR: Input error: Invalid URL: https://online.hcmute.edu.vn/
2025-05-13 14:05:11,757 INFO: Starting reconnaissance for https://online.hcmute.edu.vn/
2025-05-13 14:05:11,767 ERROR: Input error: Invalid URL: https://online.hcmute.edu.vn/
2025-05-13 14:06:02,580 INFO: Starting reconnaissance for https://online.hcmute.edu.vn
2025-05-13 14:06:02,589 ERROR: Input error: Invalid URL: https://online.hcmute.edu.vn
2025-05-13 14:08:17,173 INFO: Starting reconnaissance for https://online.hcmute.edu.vn
2025-05-13 14:08:17,187 ERROR: Input error: Invalid URL: https://online.hcmute.edu.vn
2025-05-13 14:16:21,703 INFO: Starting reconnaissance for https://online.hcmute.edu.vn
2025-05-13 14:16:22,173 DEBUG: Generated context: No prior data....
2025-05-13 14:16:22,175 ERROR: Unexpected error: 'str' object has no attribute 'get'
2025-05-13 14:25:15,485 INFO: Starting reconnaissance for https://online.hcmute.edu.vn
2025-05-13 14:25:15,687 DEBUG: Generated context: No prior data....
2025-05-13 14:25:15,687 ERROR: Unexpected error: 'str' object has no attribute 'get'
2025-05-13 14:26:54,308 INFO: Starting reconnaissance for https://online.hcmute.edu.vn
2025-05-13 14:26:54,570 DEBUG: Generated context: No prior data....
2025-05-13 14:26:54,570 ERROR: Unexpected error: 'str' object has no attribute 'get'
2025-05-13 15:08:43,179 INFO: Starting reconnaissance for https://online.hcmute.edu.vn
2025-05-13 15:08:43,288 DEBUG: Generated context: No prior data....
2025-05-13 15:08:43,289 ERROR: Unexpected error: 'str' object has no attribute 'get'
2025-05-13 15:09:24,070 INFO: Starting reconnaissance for https://online.hcmute.edu.vn
2025-05-13 15:09:24,594 DEBUG: Generated context: No prior data....
2025-05-13 15:09:24,596 ERROR: Unexpected error: 'str' object has no attribute 'get'
